\BOOKMARK [1][-]{section.1}{\376\377\000E\000i\000n\000l\000e\000i\000t\000u\000n\000g}{}% 1
\BOOKMARK [1][-]{section.2}{\376\377\000T\000h\000e\000o\000r\000e\000t\000i\000s\000c\000h\000e\000r\000\040\000H\000i\000n\000t\000e\000r\000g\000r\000u\000n\000d}{}% 2
\BOOKMARK [2][-]{subsection.2.1}{\376\377\000D\000e\000f\000i\000n\000i\000t\000i\000o\000n\000\040\000K\000\374\000n\000s\000t\000l\000i\000c\000h\000e\000\040\000I\000n\000t\000e\000l\000l\000i\000g\000e\000n\000z}{section.2}% 3
\BOOKMARK [2][-]{subsection.2.2}{\376\377\000W\000i\000e\000\040\000f\000u\000n\000k\000t\000i\000o\000n\000i\000e\000r\000t\000\040\000e\000i\000n\000e\000\040\000K\000\374\000n\000s\000t\000l\000i\000c\000h\000e\000\040\000I\000n\000t\000e\000l\000l\000i\000g\000e\000n\000z\000?}{section.2}% 4
\BOOKMARK [3][-]{subsubsection.2.2.1}{\376\377\000T\000r\000a\000i\000n\000i\000e\000r\000e\000n\000\040\000e\000i\000n\000e\000s\000\040\000N\000e\000u\000r\000o\000n\000a\000l\000e\000n\000\040\000N\000e\000t\000z\000e\000s}{subsection.2.2}% 5
\BOOKMARK [2][-]{subsection.2.3}{\376\377\000E\000r\000s\000t\000e\000\040\000K\000o\000n\000z\000e\000p\000t\000e\000\040\000K\000\374\000n\000s\000t\000l\000i\000c\000h\000e\000r\000\040\000I\000n\000t\000e\000l\000l\000i\000g\000e\000n\000z}{section.2}% 6
\BOOKMARK [3][-]{subsubsection.2.3.1}{\376\377\000L\000o\000g\000i\000c\000\040\000T\000h\000e\000o\000r\000i\000s\000t\000\040\000-\000\040\000W\000a\000s\000\040\000k\000o\000n\000n\000t\000e\000\040\000e\000s\000?}{subsection.2.3}% 7
\BOOKMARK [2][-]{subsection.2.4}{\376\377\000D\000a\000s\000\040\000S\000y\000s\000t\000e\000m\000\040\000d\000e\000r\000\040\000G\000e\000s\000i\000c\000h\000t\000s\000e\000r\000k\000e\000n\000n\000u\000n\000g}{section.2}% 8
\BOOKMARK [1][-]{section.3}{\376\377\000P\000r\000a\000k\000t\000i\000s\000c\000h\000e\000\040\000A\000n\000w\000e\000n\000d\000u\000n\000g\000\040\000v\000o\000n\000\040\000G\000e\000s\000i\000c\000h\000t\000s\000e\000r\000k\000e\000n\000n\000u\000n\000g}{}% 9
\BOOKMARK [2][-]{subsection.3.1}{\376\377\000A\000p\000p\000l\000e\000s\000\040\000"\000F\000a\000c\000e\000-\000I\000D\000"\000\040\000u\000n\000d\000\040\000A\000n\000d\000r\000o\000i\000d\000s\000\040\000"\000T\000r\000u\000s\000t\000e\000d\000\040\000F\000a\000c\000e\000"}{section.3}% 10
\BOOKMARK [2][-]{subsection.3.2}{\376\377\000D\000i\000e\000\040\000M\000a\000s\000s\000e\000n\000\374\000b\000e\000r\000w\000a\000c\000h\000u\000n\000g\000\040\000i\000n\000\040\000C\000h\000i\000n\000a}{section.3}% 11
\BOOKMARK [2][-]{subsection.3.3}{\376\377\000G\000e\000s\000i\000c\000h\000t\000s\000e\000r\000k\000e\000n\000n\000u\000n\000g\000\040\000m\000i\000t\000\040\000D\000e\000v\000e\000l\000o\000p\000e\000m\000e\000n\000t\000-\000B\000o\000a\000r\000d\000s}{section.3}% 12
\BOOKMARK [1][-]{section.4}{\376\377\000L\000i\000t\000e\000r\000a\000t\000u\000r\000\040\000V\000e\000r\000z\000e\000i\000c\000h\000n\000i\000s}{}% 13
\BOOKMARK [2][-]{subsection.4.1}{\376\377\000L\000o\000g\000i\000c\000\040\000T\000h\000e\000o\000r\000i\000s\000t}{section.4}% 14
\BOOKMARK [3][-]{subsubsection.4.1.1}{\376\377\000M\000e\000m\000o\000r\000a\000n\000d\000u\000m}{subsection.4.1}% 15
\BOOKMARK [3][-]{subsubsection.4.1.2}{\376\377\000W\000i\000k\000i\000p\000e\000d\000i\000a\000\040\000A\000r\000t\000i\000k\000e\000l}{subsection.4.1}% 16
\BOOKMARK [2][-]{subsection.4.2}{\376\377\000A\000l\000l\000g\000e\000m\000e\000i\000n\000e\000\040\000Q\000u\000e\000l\000l\000e\000n\000\040\000z\000u\000m\000\040\000T\000h\000e\000m\000a\000\040\000K\000I}{section.4}% 17
\BOOKMARK [3][-]{subsubsection.4.2.1}{\376\377\000W\000i\000k\000i\000p\000e\000d\000i\000a\000\040\000A\000r\000t\000i\000k\000e\000l\000\040\000z\000u\000m\000\040\000T\000h\000e\000m\000a\000\040\000K\000\374\000n\000s\000t\000l\000i\000c\000h\000e\000\040\000I\000n\000t\000e\000l\000l\000i\000g\000e\000n\000z}{subsection.4.2}% 18
\BOOKMARK [2][-]{subsection.4.3}{\376\377\000A\000u\000f\000b\000a\000u\000\040\000u\000n\000d\000\040\000F\000u\000n\000k\000t\000i\000o\000n\000s\000w\000e\000i\000s\000e\000\040\000N\000e\000u\000r\000o\000n\000a\000l\000e\000r\000\040\000N\000e\000t\000z\000e}{section.4}% 19
\BOOKMARK [3][-]{subsubsection.4.3.1}{\376\377\000J\000A\000A\000I\000\040\000-\000\040\000A\000u\000f\000b\000a\000u\000\040\000v\000o\000n\000\040\000N\000e\000u\000r\000o\000n\000a\000l\000e\000n\000\040\000N\000e\000t\000z\000e\000n}{subsection.4.3}% 20
\BOOKMARK [3][-]{subsubsection.4.3.2}{\376\377\000W\000i\000e\000\040\000l\000e\000r\000n\000e\000n\000\040\000N\000e\000u\000r\000o\000n\000a\000l\000e\000\040\000N\000e\000t\000z\000e\000?}{subsection.4.3}% 21
\BOOKMARK [2][-]{subsection.4.4}{\376\377\000B\000\374\000c\000h\000e\000r}{section.4}% 22
\BOOKMARK [3][-]{subsubsection.4.4.1}{\376\377\000B\000u\000c\000h\000:\000\040\000D\000i\000g\000i\000t\000a\000l\000e\000\040\000G\000e\000s\000i\000c\000h\000t\000s\000e\000r\000k\000e\000n\000n\000u\000n\000g}{subsection.4.4}% 23
\BOOKMARK [3][-]{subsubsection.4.4.2}{\376\377\000B\000u\000c\000h\000:\000\040\000K\000\374\000n\000s\000t\000l\000i\000c\000h\000e\000\040\000I\000n\000t\000e\000l\000l\000i\000g\000e\000n\000z\000\040\000-\000\040\000W\000a\000n\000n\000\040\000\374\000b\000e\000r\000n\000e\000h\000m\000e\000n\000\040\000d\000i\000e\000\040\000M\000a\000s\000c\000h\000i\000n\000e\000n\000?}{subsection.4.4}% 24
\BOOKMARK [3][-]{subsubsection.4.4.3}{\376\377\000B\000u\000c\000h\000:\000\040\000P\000r\000i\000n\000z\000i\000p\000i\000e\000n\000\040\000d\000e\000r\000\040\000M\000a\000t\000h\000e\000m\000a\000t\000i\000k}{subsection.4.4}% 25
\BOOKMARK [2][-]{subsection.4.5}{\376\377\000I\000n\000f\000o\000r\000m\000a\000t\000i\000o\000n\000e\000n\000\040\000\374\000b\000e\000r\000\040\000d\000a\000s\000\040\000m\000e\000n\000s\000c\000h\000l\000i\000c\000h\000e\000\040\000G\000e\000h\000i\000r\000n}{section.4}% 26
\BOOKMARK [3][-]{subsubsection.4.5.1}{\376\377\000d\000a\000s\000g\000e\000h\000i\000r\000n\000.\000i\000n\000f\000o\000\040\000-\000\040\000Z\000e\000l\000l\000e\000n\000:\000\040\000s\000p\000e\000z\000i\000a\000l\000i\000s\000i\000e\000r\000t\000e\000\040\000A\000r\000b\000e\000i\000t\000e\000r\000\040\000d\000e\000s\000\040\000G\000e\000h\000i\000r\000n\000s}{subsection.4.5}% 27
\BOOKMARK [2][-]{subsection.4.6}{\376\377\000B\000i\000l\000d\000e\000r}{section.4}% 28
\BOOKMARK [3][-]{subsubsection.4.6.1}{\376\377\000B\000e\000i\000s\000p\000i\000e\000l\000\040\000e\000i\000n\000e\000s\000\040\000N\000e\000u\000r\000o\000n\000a\000l\000e\000n\000\040\000N\000e\000t\000z\000e\000s}{subsection.4.6}% 29
